Using pre-set license
Built from '2022.3/staging' branch; Version is '2022.3.24f1 (334eb2a0b267) revision 3362482'; Using compiler version '192829333'; Build Type 'Release'
OS: 'Windows 11  (10.0.22631) 64bit CoreSingleLanguage' Language: 'pt' Physical Memory: 32505 MB
BatchMode: 1, IsHumanControllingUs: 0, StartBugReporterOnCrash: 0, Is64bit: 1, IsPro: 1

COMMAND LINE ARGUMENTS:
C:\Program Files\Unity\Hub\Editor\2022.3.24f1\Editor\Unity.exe
-adb2
-batchMode
-noUpm
-name
AssetImportWorker0
-projectPath
C:/Users/power/Desktop/Look And Point - Jogo Unity/Unity files - Look and Point
-logFile
Logs/AssetImportWorker0.log
-srvPort
50378
Successfully changed project path to: C:/Users/power/Desktop/Look And Point - Jogo Unity/Unity files - Look and Point
C:/Users/power/Desktop/Look And Point - Jogo Unity/Unity files - Look and Point
[UnityMemory] Configuration Parameters - Can be set up in boot.config
    "memorysetup-bucket-allocator-granularity=16"
    "memorysetup-bucket-allocator-bucket-count=8"
    "memorysetup-bucket-allocator-block-size=33554432"
    "memorysetup-bucket-allocator-block-count=8"
    "memorysetup-main-allocator-block-size=16777216"
    "memorysetup-thread-allocator-block-size=16777216"
    "memorysetup-gfx-main-allocator-block-size=16777216"
    "memorysetup-gfx-thread-allocator-block-size=16777216"
    "memorysetup-cache-allocator-block-size=4194304"
    "memorysetup-typetree-allocator-block-size=2097152"
    "memorysetup-profiler-bucket-allocator-granularity=16"
    "memorysetup-profiler-bucket-allocator-bucket-count=8"
    "memorysetup-profiler-bucket-allocator-block-size=33554432"
    "memorysetup-profiler-bucket-allocator-block-count=8"
    "memorysetup-profiler-allocator-block-size=16777216"
    "memorysetup-profiler-editor-allocator-block-size=1048576"
    "memorysetup-temp-allocator-size-main=16777216"
    "memorysetup-job-temp-allocator-block-size=2097152"
    "memorysetup-job-temp-allocator-block-size-background=1048576"
    "memorysetup-job-temp-allocator-reduction-small-platforms=262144"
    "memorysetup-allocator-temp-initial-block-size-main=262144"
    "memorysetup-allocator-temp-initial-block-size-worker=262144"
    "memorysetup-temp-allocator-size-background-worker=32768"
    "memorysetup-temp-allocator-size-job-worker=262144"
    "memorysetup-temp-allocator-size-preload-manager=33554432"
    "memorysetup-temp-allocator-size-nav-mesh-worker=65536"
    "memorysetup-temp-allocator-size-audio-worker=65536"
    "memorysetup-temp-allocator-size-cloud-worker=32768"
    "memorysetup-temp-allocator-size-gi-baking-worker=262144"
    "memorysetup-temp-allocator-size-gfx=262144"
Player connection [10128] Host "[IP] 192.168.1.114 [Port] 0 [Flags] 2 [Guid] 3942508354 [EditorId] 3942508354 [Version] 1048832 [Id] WindowsEditor(7,victorA65ION) [Debug] 1 [PackageName] WindowsEditor [ProjectName] Editor" joined multi-casting on [225.0.0.222:54997]...

Player connection [10128] Host "[IP] 192.168.1.114 [Port] 0 [Flags] 2 [Guid] 3942508354 [EditorId] 3942508354 [Version] 1048832 [Id] WindowsEditor(7,victorA65ION) [Debug] 1 [PackageName] WindowsEditor [ProjectName] Editor" joined alternative multi-casting on [225.0.0.222:34997]...

[Physics::Module] Initialized MultithreadedJobDispatcher with 23 workers.
Refreshing native plugins compatible for Editor in 3.85 ms, found 2 plugins.
Preloading 0 native plugins for Editor in 0.00 ms.
Initialize engine version: 2022.3.24f1 (334eb2a0b267)
[Subsystems] Discovering subsystems at path C:/Program Files/Unity/Hub/Editor/2022.3.24f1/Editor/Data/Resources/UnitySubsystems
[Subsystems] Discovering subsystems at path C:/Users/power/Desktop/Look And Point - Jogo Unity/Unity files - Look and Point/Assets
GfxDevice: creating device client; threaded=0; jobified=0
Direct3D:
    Version:  Direct3D 11.0 [level 11.1]
    Renderer: NVIDIA GeForce RTX 4060 Laptop GPU (ID=0x28a0)
    Vendor:   NVIDIA
    VRAM:     7957 MB
    Driver:   31.0.15.5176
Initialize mono
Mono path[0] = 'C:/Program Files/Unity/Hub/Editor/2022.3.24f1/Editor/Data/Managed'
Mono path[1] = 'C:/Program Files/Unity/Hub/Editor/2022.3.24f1/Editor/Data/MonoBleedingEdge/lib/mono/unityjit-win32'
Mono config path = 'C:/Program Files/Unity/Hub/Editor/2022.3.24f1/Editor/Data/MonoBleedingEdge/etc'
Using monoOptions --debugger-agent=transport=dt_socket,embedding=1,server=y,suspend=n,address=127.0.0.1:56104
Begin MonoManager ReloadAssembly
Registering precompiled unity dll's ...
Register platform support module: C:/Program Files/Unity/Hub/Editor/2022.3.24f1/Editor/Data/PlaybackEngines/WebGLSupport/UnityEditor.WebGL.Extensions.dll
Register platform support module: C:/Program Files/Unity/Hub/Editor/2022.3.24f1/Editor/Data/PlaybackEngines/WindowsStandaloneSupport/UnityEditor.WindowsStandalone.Extensions.dll
Registered in 0.008923 seconds.
- Loaded All Assemblies, in  0.542 seconds
Native extension for WindowsStandalone target not found
Native extension for WebGL target not found
Mono: successfully reloaded assembly
- Finished resetting the current domain, in  0.277 seconds
Domain Reload Profiling: 818ms
	BeginReloadAssembly (250ms)
		ExecutionOrderSort (0ms)
		DisableScriptedObjects (0ms)
		BackupInstance (0ms)
		ReleaseScriptingObjects (0ms)
		CreateAndSetChildDomain (1ms)
	RebuildCommonClasses (39ms)
	RebuildNativeTypeToScriptingClass (9ms)
	initialDomainReloadingComplete (72ms)
	LoadAllAssembliesAndSetupDomain (170ms)
		LoadAssemblies (248ms)
		RebuildTransferFunctionScriptingTraits (0ms)
		AnalyzeDomain (167ms)
			TypeCache.Refresh (165ms)
				TypeCache.ScanAssembly (147ms)
			ScanForSourceGeneratedMonoScriptInfo (0ms)
			ResolveRequiredComponents (1ms)
	FinalizeReload (277ms)
		ReleaseScriptCaches (0ms)
		RebuildScriptCaches (0ms)
		SetupLoadedEditorAssemblies (224ms)
			LogAssemblyErrors (0ms)
			InitializePlatformSupportModulesInManaged (9ms)
			SetLoadedEditorAssemblies (5ms)
			RefreshPlugins (0ms)
			BeforeProcessingInitializeOnLoad (2ms)
			ProcessInitializeOnLoadAttributes (156ms)
			ProcessInitializeOnLoadMethodAttributes (52ms)
			AfterProcessingInitializeOnLoad (0ms)
			EditorAssembliesLoaded (0ms)
		ExecutionOrderSort2 (0ms)
		AwakeInstancesAfterBackupRestoration (0ms)
========================================================================
Worker process is ready to serve import requests
Begin MonoManager ReloadAssembly
- Loaded All Assemblies, in  0.577 seconds
Refreshing native plugins compatible for Editor in 1.13 ms, found 2 plugins.
Native extension for WindowsStandalone target not found
Native extension for WebGL target not found
Package Manager log level set to [2]
[Package Manager] Server::EnsureServerProcessIsRunning -- launch failed, reason: Unity was launched with the -noUpm command-line argument
[Package Manager] UpmClient::Send -- Unable to send message (not connected to UPM process).
[Package Manager] Cannot connect to Unity Package Manager local server
Mono: successfully reloaded assembly
- Finished resetting the current domain, in  0.434 seconds
Domain Reload Profiling: 1010ms
	BeginReloadAssembly (159ms)
		ExecutionOrderSort (0ms)
		DisableScriptedObjects (5ms)
		BackupInstance (0ms)
		ReleaseScriptingObjects (0ms)
		CreateAndSetChildDomain (16ms)
	RebuildCommonClasses (30ms)
	RebuildNativeTypeToScriptingClass (9ms)
	initialDomainReloadingComplete (42ms)
	LoadAllAssembliesAndSetupDomain (335ms)
		LoadAssemblies (348ms)
		RebuildTransferFunctionScriptingTraits (0ms)
		AnalyzeDomain (91ms)
			TypeCache.Refresh (81ms)
				TypeCache.ScanAssembly (69ms)
			ScanForSourceGeneratedMonoScriptInfo (8ms)
			ResolveRequiredComponents (2ms)
	FinalizeReload (434ms)
		ReleaseScriptCaches (0ms)
		RebuildScriptCaches (0ms)
		SetupLoadedEditorAssemblies (319ms)
			LogAssemblyErrors (0ms)
			InitializePlatformSupportModulesInManaged (6ms)
			SetLoadedEditorAssemblies (3ms)
			RefreshPlugins (0ms)
			BeforeProcessingInitializeOnLoad (38ms)
			ProcessInitializeOnLoadAttributes (250ms)
			ProcessInitializeOnLoadMethodAttributes (19ms)
			AfterProcessingInitializeOnLoad (4ms)
			EditorAssembliesLoaded (0ms)
		ExecutionOrderSort2 (0ms)
		AwakeInstancesAfterBackupRestoration (6ms)
Launched and connected shader compiler UnityShaderCompiler.exe after 0.05 seconds
Refreshing native plugins compatible for Editor in 1.29 ms, found 2 plugins.
Preloading 0 native plugins for Editor in 0.00 ms.
Unloading 1464 Unused Serialized files (Serialized files now loaded: 0)
Unloading 24 unused Assets / (26.6 KB). Loaded Objects now: 1954.
Memory consumption went from 94.6 MB to 94.6 MB.
Total: 2.512900 ms (FindLiveObjects: 0.103600 ms CreateObjectMapping: 0.028000 ms MarkObjects: 2.341700 ms  DeleteObjects: 0.038700 ms)

AssetImportParameters requested are different than current active one (requested -> active):
  custom:video-encoder-webm-vp8: eb34c28f22e8b96e1ab97ce403110664 -> 
  custom:video-decoder-webm-vp8: 9c59270c3fd7afecdb556c50c9e8de78 -> 
  custom:audio-decoder-ogg-vorbis: bf7c407c2cedff20999df2af8eb42d56 -> 
  custom:SearchIndexIgnoredProperties: e643bd26f0fe6173181afceb89e7c659 -> 
  custom:container-demuxer-ogg: 62fdf1f143b41e24485cea50d1cbac27 -> 
  custom:AudioImporter_EditorPlatform: d09bf68614088b80899f8185d706f6e7 -> 
  custom:CustomObjectIndexerAttribute: 9a22284fe3817be447336de3de66b15e -> 
  custom:container-demuxer-webm: 4f35f7cbe854078d1ac9338744f61a02 -> 
  custom:video-codec-MediaFoundation-h265: 746d11721c4dcdbdad8f713fa42b33f4 -> 
  custom:video-decoder-ogg-theora: a1e56fd34408186e4bbccfd4996cb3dc -> 
  custom:audio-encoder-webm-vorbis: bf7c407c2cedff20999df2af8eb42d56 -> 
  custom:framework-win-MediaFoundation: 216162199b28c13a410421893ffa2e32 -> 
  custom:container-muxer-webm: aa71ff27fc2769a1b78a27578f13a17b -> 
========================================================================
Received Import Request.
  Time since last request: 3666.120939 seconds.
  path: Assets/Blender/Bin_With_Trash_Export.blend
  artifactKey: Guid(79fb75035d677ea4c89c50978d1bd80b) Importer(815301076,1909f56bfc062723c751e8b465ee728b)
Start importing Assets/Blender/Bin_With_Trash_Export.blend using Guid(79fb75035d677ea4c89c50978d1bd80b) Importer(815301076,1909f56bfc062723c751e8b465ee728b)  -> (artifact id: 'd58dbd07f048d53490e07c7af9e344a7') in 0.262937 seconds
Number of updated asset objects reloaded before import = 0
Number of asset objects unloaded after import = 50
========================================================================
Received Import Request.
  Time since last request: 9.909208 seconds.
  path: Assets/Blender/Broken_Machine_Export.blend
  artifactKey: Guid(cb87895210f219d45a45ab196e4e7e2b) Importer(815301076,1909f56bfc062723c751e8b465ee728b)
Start importing Assets/Blender/Broken_Machine_Export.blend using Guid(cb87895210f219d45a45ab196e4e7e2b) Importer(815301076,1909f56bfc062723c751e8b465ee728b)  -> (artifact id: 'c815b87f0120f8303cf3a6c8f112a147') in 0.102874 seconds
Number of updated asset objects reloaded before import = 0
Number of asset objects unloaded after import = 42
========================================================================
Received Import Request.
  Time since last request: 40.421097 seconds.
  path: Assets/Blender/Rapair_Table_Export_.blend
  artifactKey: Guid(88faa8e081e0e294b9c239b73b92ef19) Importer(815301076,1909f56bfc062723c751e8b465ee728b)
Start importing Assets/Blender/Rapair_Table_Export_.blend using Guid(88faa8e081e0e294b9c239b73b92ef19) Importer(815301076,1909f56bfc062723c751e8b465ee728b)  -> (artifact id: '92eb7147d980d3eda812e46ac5127518') in 0.108757 seconds
Number of updated asset objects reloaded before import = 0
Number of asset objects unloaded after import = 47
========================================================================
Received Import Request.
  Time since last request: 27.808845 seconds.
  path: Assets/Blender/Cabinet_Export.blend
  artifactKey: Guid(ec9a145180935b64a8f8a80e1412cc9e) Importer(815301076,1909f56bfc062723c751e8b465ee728b)
Start importing Assets/Blender/Cabinet_Export.blend using Guid(ec9a145180935b64a8f8a80e1412cc9e) Importer(815301076,1909f56bfc062723c751e8b465ee728b)  -> (artifact id: 'e930fbe55c00f2fe11ceaeafc0e09ee9') in 0.059161 seconds
Number of updated asset objects reloaded before import = 0
Number of asset objects unloaded after import = 15
========================================================================
Received Import Request.
  Time since last request: 2.533911 seconds.
  path: Assets/Blender/Door.blend
  artifactKey: Guid(d0c9db5265114e646a4957620617b11d) Importer(815301076,1909f56bfc062723c751e8b465ee728b)
Start importing Assets/Blender/Door.blend using Guid(d0c9db5265114e646a4957620617b11d) Importer(815301076,1909f56bfc062723c751e8b465ee728b)  -> (artifact id: 'e831d530f7b715e503375cfe4c9ecdec') in 0.027544 seconds
Number of updated asset objects reloaded before import = 0
Number of asset objects unloaded after import = 23
========================================================================
Received Import Request.
  Time since last request: 2.361717 seconds.
  path: Assets/Blender/monitor_cpu.blend
  artifactKey: Guid(80ed8fca18fe7cc47872825719fa50f0) Importer(815301076,1909f56bfc062723c751e8b465ee728b)
Start importing Assets/Blender/monitor_cpu.blend using Guid(80ed8fca18fe7cc47872825719fa50f0) Importer(815301076,1909f56bfc062723c751e8b465ee728b)  -> (artifact id: '81efa69ad563af0c9822f8d02f264b0f') in 0.084683 seconds
Number of updated asset objects reloaded before import = 0
Number of asset objects unloaded after import = 42
========================================================================
Received Import Request.
  Time since last request: 2.691031 seconds.
  path: Assets/Blender/Monitor_Export.blend
  artifactKey: Guid(ac5c054b194989f4b8d016de90b67603) Importer(815301076,1909f56bfc062723c751e8b465ee728b)
Start importing Assets/Blender/Monitor_Export.blend using Guid(ac5c054b194989f4b8d016de90b67603) Importer(815301076,1909f56bfc062723c751e8b465ee728b)  -> (artifact id: 'ad56478b0b9c6d0f26c1036cd06a719d') in 0.018133 seconds
Number of updated asset objects reloaded before import = 0
Number of asset objects unloaded after import = 9
========================================================================
Received Import Request.
  Time since last request: 2.780653 seconds.
  path: Assets/Blender/oficina_de_reparo.blend
  artifactKey: Guid(0c497a233c0886c44b8d116b19372f39) Importer(815301076,1909f56bfc062723c751e8b465ee728b)
Start importing Assets/Blender/oficina_de_reparo.blend using Guid(0c497a233c0886c44b8d116b19372f39) Importer(815301076,1909f56bfc062723c751e8b465ee728b)  -> (artifact id: 'abe6cd3b282893d4cab8c663c7f68e55') in 0.207410 seconds
Number of updated asset objects reloaded before import = 0
Number of asset objects unloaded after import = 188
========================================================================
Received Import Request.
  Time since last request: 2.053080 seconds.
  path: Assets/Blender/Wardrobe_Shelve_Export.blend
  artifactKey: Guid(83e2192a727947d499586a123d3f5a22) Importer(815301076,1909f56bfc062723c751e8b465ee728b)
Start importing Assets/Blender/Wardrobe_Shelve_Export.blend using Guid(83e2192a727947d499586a123d3f5a22) Importer(815301076,1909f56bfc062723c751e8b465ee728b)  -> (artifact id: 'b361e69c175d15963f47b35bcd9d5489') in 0.080033 seconds
Number of updated asset objects reloaded before import = 0
Number of asset objects unloaded after import = 43
========================================================================
Received Import Request.
  Time since last request: 2.336566 seconds.
  path: Assets/Blender/Rapair_Table_Export.blend
  artifactKey: Guid(88faa8e081e0e294b9c239b73b92ef19) Importer(815301076,1909f56bfc062723c751e8b465ee728b)
Start importing Assets/Blender/Rapair_Table_Export.blend using Guid(88faa8e081e0e294b9c239b73b92ef19) Importer(815301076,1909f56bfc062723c751e8b465ee728b)  -> (artifact id: '6fd33512fe6e71f431cff7a8651a7a2a') in 0.130356 seconds
Number of updated asset objects reloaded before import = 0
Number of asset objects unloaded after import = 47
========================================================================
Received Import Request.
  Time since last request: 2.253105 seconds.
  path: Assets/Blender/Ravi_Export.blend
  artifactKey: Guid(f59fc3053f1de1d42b340b0f16f69d8b) Importer(815301076,1909f56bfc062723c751e8b465ee728b)
Start importing Assets/Blender/Ravi_Export.blend using Guid(f59fc3053f1de1d42b340b0f16f69d8b) Importer(815301076,1909f56bfc062723c751e8b465ee728b)  -> (artifact id: '99ee53dbd773ec5a47d0feba040832bf') in 0.107981 seconds
Number of updated asset objects reloaded before import = 0
Number of asset objects unloaded after import = 83
========================================================================
Received Import Request.
  Time since last request: 2.138868 seconds.
  path: Assets/Blender/Ravi_ExportBroke.blend
  artifactKey: Guid(a47207bbe5d5d2a46b6eab6af7216ec8) Importer(815301076,1909f56bfc062723c751e8b465ee728b)
Start importing Assets/Blender/Ravi_ExportBroke.blend using Guid(a47207bbe5d5d2a46b6eab6af7216ec8) Importer(815301076,1909f56bfc062723c751e8b465ee728b)  -> (artifact id: 'ac09425063e48dc50f03d232f3be795f') in 0.244998 seconds
Number of updated asset objects reloaded before import = 0
Number of asset objects unloaded after import = 83
========================================================================
Received Import Request.
  Time since last request: 2.244773 seconds.
  path: Assets/Blender/Stool_Lamp_Export.blend
  artifactKey: Guid(decacca5ea18cb8458992f8247b85c69) Importer(815301076,1909f56bfc062723c751e8b465ee728b)
Start importing Assets/Blender/Stool_Lamp_Export.blend using Guid(decacca5ea18cb8458992f8247b85c69) Importer(815301076,1909f56bfc062723c751e8b465ee728b)  -> (artifact id: '8e991fb75536a6a04d6dde988171dd43') in 0.096500 seconds
Number of updated asset objects reloaded before import = 0
Number of asset objects unloaded after import = 11
========================================================================
Received Import Request.
  Time since last request: 4.301445 seconds.
  path: Assets/Blender/wrench.blend
  artifactKey: Guid(55f5f406ab81dee47b67f081c858c90d) Importer(815301076,1909f56bfc062723c751e8b465ee728b)
Start importing Assets/Blender/wrench.blend using Guid(55f5f406ab81dee47b67f081c858c90d) Importer(815301076,1909f56bfc062723c751e8b465ee728b)  -> (artifact id: 'b385b1ffe33cc451913f4b5de2b738f9') in 0.018621 seconds
Number of updated asset objects reloaded before import = 0
Number of asset objects unloaded after import = 22
========================================================================
Received Import Request.
  Time since last request: 157.624759 seconds.
  path: Assets/Animations/Monitor_Image.controller
  artifactKey: Guid(78031d5bc77f4eb41a68034ad5a7398d) Importer(815301076,1909f56bfc062723c751e8b465ee728b)
Start importing Assets/Animations/Monitor_Image.controller using Guid(78031d5bc77f4eb41a68034ad5a7398d) Importer(815301076,1909f56bfc062723c751e8b465ee728b)  -> (artifact id: '1574df72a5a9afeb76d424fd4058d3d1') in 0.002820 seconds
Number of updated asset objects reloaded before import = 0
Number of asset objects unloaded after import = 4
========================================================================
Received Import Request.
  Time since last request: 638.978046 seconds.
  path: Assets/Animations/MonitorMenuAnimation.anim
  artifactKey: Guid(6f0adca085d3e63459a715e88cd5706f) Importer(815301076,1909f56bfc062723c751e8b465ee728b)
Start importing Assets/Animations/MonitorMenuAnimation.anim using Guid(6f0adca085d3e63459a715e88cd5706f) Importer(815301076,1909f56bfc062723c751e8b465ee728b)  -> (artifact id: '98da501a711841a641731714615de3f6') in 0.002317 seconds
Number of updated asset objects reloaded before import = 0
Number of asset objects unloaded after import = 1
